1550461950022	mozrunner::runner	INFO	Running command: "/usr/bin/firefox" "-marionette" "-foreground" "-no-remote" "-profile" "/tmp/rust_mozprofile.pc9ZxVEpJFSP"
1550461951240	Marionette	INFO	Enabled via --marionette
1550461957273	Marionette	INFO	Listening on port 46827
1550461957362	Marionette	WARN	TLS certificate errors will be ignored for this session
1550461957498	Marionette	DEBUG	Register listener.js for window 2147483649
1550461957561	Marionette	DEBUG	Received DOM event "beforeunload" for "about:blank"
1550461958013	Marionette	DEBUG	Received DOM event "pagehide" for "about:blank"
1550461958023	Marionette	DEBUG	Received DOM event "unload" for "about:blank"
JavaScript error: https://ss1.bdstatic.com/5eN1bjq8AAUYm2zgoY3K/r/www/cache/static/protocol/https/plugins/every_cookie_4644b13.js, line 4: ReferenceError: c is not defined
1550461959997	Marionette	DEBUG	Received DOM event "DOMContentLoaded" for "https://www.baidu.com/"
1550461960707	Marionette	DEBUG	Received DOM event "pageshow" for "https://www.baidu.com/"
*** UTM:SVC TimerManager:registerTimer called after profile-before-change notification. Ignoring timer registration for id: telemetry_modules_ping
1550472731870	mozrunner::runner	INFO	Running command: "/usr/bin/firefox" "-marionette" "-foreground" "-no-remote" "-profile" "/tmp/rust_mozprofile.x83CIQEwOjVs"
1550472733632	Marionette	INFO	Enabled via --marionette
1550472737877	Marionette	INFO	Listening on port 33119
1550472737917	Marionette	WARN	TLS certificate errors will be ignored for this session
1550472738047	Marionette	DEBUG	Register listener.js for window 2147483649
1550472738192	Marionette	DEBUG	Received DOM event "beforeunload" for "about:blank"
1550472738525	Marionette	DEBUG	Received DOM event "pagehide" for "about:blank"
1550472738527	Marionette	DEBUG	Received DOM event "unload" for "about:blank"
1550472740242	Marionette	DEBUG	Received DOM event "DOMContentLoaded" for "http://www.cmbchina.com/"
1550472740920	Marionette	DEBUG	Received DOM event "pageshow" for "http://www.cmbchina.com/"
JavaScript warning: https://user.cmbchina.com/Scripts/jquery-1.3.2.min.js, line 53: unreachable code after return statement
JavaScript error: about:newtab, line 914: TypeError: gSnippetsMap.getTotalBookmarksCount is not a function
JavaScript warning: https://user.cmbchina.com/Scripts/jquery-1.3.2.min.js, line 53: unreachable code after return statement
